{"/Users/joewinter/Documents/acebook/api/app.js": {"path":"/Users/joewinter/Documents/acebook/api/app.js","statementMap":{"0":{"start":{"line":1,"column":16},"end":{"line":1,"column":34}},"1":{"start":{"line":2,"column":19},"end":{"line":2,"column":41}},"2":{"start":{"line":3,"column":13},"end":{"line":3,"column":28}},"3":{"start":{"line":5,"column":20},"end":{"line":5,"column":45}},"4":{"start":{"line":6,"column":19},"end":{"line":6,"column":43}},"5":{"start":{"line":7,"column":20},"end":{"line":7,"column":45}},"6":{"start":{"line":8,"column":22},"end":{"line":8,"column":49}},"7":{"start":{"line":9,"column":29},"end":{"line":9,"column":63}},"8":{"start":{"line":10,"column":28},"end":{"line":10,"column":61}},"9":{"start":{"line":11,"column":23},"end":{"line":11,"column":51}},"10":{"start":{"line":12,"column":21},"end":{"line":12,"column":57}},"11":{"start":{"line":14,"column":12},"end":{"line":14,"column":21}},"12":{"start":{"line":19,"column":0},"end":{"line":19,"column":16}},"13":{"start":{"line":22,"column":0},"end":{"line":22,"column":27}},"14":{"start":{"line":25,"column":0},"end":{"line":25,"column":30}},"15":{"start":{"line":26,"column":0},"end":{"line":26,"column":45}},"16":{"start":{"line":27,"column":0},"end":{"line":27,"column":49}},"17":{"start":{"line":28,"column":0},"end":{"line":28,"column":41}},"18":{"start":{"line":29,"column":0},"end":{"line":29,"column":43}},"19":{"start":{"line":30,"column":0},"end":{"line":30,"column":61}},"20":{"start":{"line":31,"column":0},"end":{"line":31,"column":50}},"21":{"start":{"line":35,"column":0},"end":{"line":37,"column":3}},"22":{"start":{"line":36,"column":2},"end":{"line":36,"column":56}},"23":{"start":{"line":40,"column":0},"end":{"line":47,"column":3}},"24":{"start":{"line":41,"column":2},"end":{"line":41,"column":21}},"25":{"start":{"line":42,"column":2},"end":{"line":46,"column":3}},"26":{"start":{"line":43,"column":4},"end":{"line":43,"column":38}},"27":{"start":{"line":45,"column":4},"end":{"line":45,"column":58}},"28":{"start":{"line":49,"column":0},"end":{"line":49,"column":21}}},"fnMap":{"0":{"name":"(anonymous_0)","decl":{"start":{"line":35,"column":8},"end":{"line":35,"column":9}},"loc":{"start":{"line":35,"column":23},"end":{"line":37,"column":1}},"line":35},"1":{"name":"(anonymous_1)","decl":{"start":{"line":40,"column":8},"end":{"line":40,"column":9}},"loc":{"start":{"line":40,"column":35},"end":{"line":47,"column":1}},"line":40}},"branchMap":{"0":{"loc":{"start":{"line":42,"column":2},"end":{"line":46,"column":3}},"type":"if","locations":[{"start":{"line":42,"column":2},"end":{"line":46,"column":3}},{"start":{"line":44,"column":9},"end":{"line":46,"column":3}}],"line":42}},"s":{"0":7,"1":7,"2":7,"3":7,"4":7,"5":7,"6":7,"7":7,"8":7,"9":7,"10":7,"11":7,"12":7,"13":7,"14":7,"15":7,"16":7,"17":7,"18":7,"19":7,"20":7,"21":7,"22":0,"23":7,"24":0,"25":0,"26":0,"27":0,"28":7},"f":{"0":0,"1":0},"b":{"0":[0,0]},"_coverageSchema":"1a1c01bbd47fc00a2c39e90264f33305004495a9","hash":"91c7b642138a99f3753f6ac413a730b13f5e834b"}
,"/Users/joewinter/Documents/acebook/api/controllers/authentication.js": {"path":"/Users/joewinter/Documents/acebook/api/controllers/authentication.js","statementMap":{"0":{"start":{"line":1,"column":13},"end":{"line":1,"column":38}},"1":{"start":{"line":2,"column":26},"end":{"line":2,"column":49}},"2":{"start":{"line":5,"column":16},"end":{"line":5,"column":30}},"3":{"start":{"line":6,"column":19},"end":{"line":6,"column":36}},"4":{"start":{"line":8,"column":15},"end":{"line":8,"column":51}},"5":{"start":{"line":9,"column":2},"end":{"line":18,"column":3}},"6":{"start":{"line":11,"column":4},"end":{"line":11,"column":56}},"7":{"start":{"line":12,"column":9},"end":{"line":18,"column":3}},"8":{"start":{"line":14,"column":4},"end":{"line":14,"column":60}},"9":{"start":{"line":16,"column":18},"end":{"line":16,"column":40}},"10":{"start":{"line":17,"column":4},"end":{"line":17,"column":58}},"11":{"start":{"line":21,"column":33},"end":{"line":23,"column":1}},"12":{"start":{"line":25,"column":0},"end":{"line":25,"column":42}}},"fnMap":{"0":{"name":"createToken","decl":{"start":{"line":4,"column":15},"end":{"line":4,"column":26}},"loc":{"start":{"line":4,"column":37},"end":{"line":19,"column":1}},"line":4}},"branchMap":{"0":{"loc":{"start":{"line":9,"column":2},"end":{"line":18,"column":3}},"type":"if","locations":[{"start":{"line":9,"column":2},"end":{"line":18,"column":3}},{"start":{"line":12,"column":9},"end":{"line":18,"column":3}}],"line":9},"1":{"loc":{"start":{"line":12,"column":9},"end":{"line":18,"column":3}},"type":"if","locations":[{"start":{"line":12,"column":9},"end":{"line":18,"column":3}},{"start":{"line":15,"column":9},"end":{"line":18,"column":3}}],"line":12}},"s":{"0":7,"1":7,"2":3,"3":3,"4":3,"5":3,"6":1,"7":2,"8":1,"9":1,"10":1,"11":7,"12":7},"f":{"0":3},"b":{"0":[1,2],"1":[1,1]},"_coverageSchema":"1a1c01bbd47fc00a2c39e90264f33305004495a9","hash":"bbf37e67acb1f521d23ce4617dcf978565aceec3"}
,"/Users/joewinter/Documents/acebook/api/controllers/conversation.js": {"path":"/Users/joewinter/Documents/acebook/api/controllers/conversation.js","statementMap":{"0":{"start":{"line":1,"column":21},"end":{"line":1,"column":54}},"1":{"start":{"line":2,"column":16},"end":{"line":2,"column":44}},"2":{"start":{"line":3,"column":26},"end":{"line":3,"column":49}},"3":{"start":{"line":4,"column":13},"end":{"line":4,"column":38}},"4":{"start":{"line":7,"column":24},"end":{"line":7,"column":125}},"5":{"start":{"line":8,"column":16},"end":{"line":8,"column":42}},"6":{"start":{"line":9,"column":2},"end":{"line":9,"column":71}},"7":{"start":{"line":27,"column":32},"end":{"line":29,"column":1}},"8":{"start":{"line":31,"column":0},"end":{"line":31,"column":41}}},"fnMap":{"0":{"name":"getUserConversations","decl":{"start":{"line":6,"column":15},"end":{"line":6,"column":35}},"loc":{"start":{"line":6,"column":46},"end":{"line":10,"column":1}},"line":6}},"branchMap":{},"s":{"0":7,"1":7,"2":7,"3":7,"4":1,"5":1,"6":1,"7":7,"8":7},"f":{"0":1},"b":{},"_coverageSchema":"1a1c01bbd47fc00a2c39e90264f33305004495a9","hash":"af3ae30366c2343eb2b0a0375155a6544e5dde53"}
,"/Users/joewinter/Documents/acebook/api/controllers/friends.js": {"path":"/Users/joewinter/Documents/acebook/api/controllers/friends.js","statementMap":{"0":{"start":{"line":1,"column":13},"end":{"line":1,"column":38}},"1":{"start":{"line":2,"column":26},"end":{"line":2,"column":49}},"2":{"start":{"line":3,"column":21},"end":{"line":3,"column":54}},"3":{"start":{"line":5,"column":2},"end":{"line":28,"column":3}},"4":{"start":{"line":6,"column":4},"end":{"line":6,"column":24}},"5":{"start":{"line":7,"column":17},"end":{"line":7,"column":49}},"6":{"start":{"line":8,"column":19},"end":{"line":8,"column":56}},"7":{"start":{"line":9,"column":4},"end":{"line":16,"column":5}},"8":{"start":{"line":13,"column":6},"end":{"line":15,"column":74}},"9":{"start":{"line":17,"column":4},"end":{"line":17,"column":37}},"10":{"start":{"line":18,"column":4},"end":{"line":18,"column":24}},"11":{"start":{"line":19,"column":18},"end":{"line":19,"column":44}},"12":{"start":{"line":20,"column":4},"end":{"line":20,"column":68}},"13":{"start":{"line":22,"column":18},"end":{"line":22,"column":44}},"14":{"start":{"line":23,"column":4},"end":{"line":27,"column":7}},"15":{"start":{"line":31,"column":2},"end":{"line":53,"column":3}},"16":{"start":{"line":32,"column":17},"end":{"line":32,"column":49}},"17":{"start":{"line":33,"column":19},"end":{"line":33,"column":56}},"18":{"start":{"line":34,"column":4},"end":{"line":45,"column":5}},"19":{"start":{"line":35,"column":6},"end":{"line":35,"column":43}},"20":{"start":{"line":36,"column":6},"end":{"line":36,"column":24}},"21":{"start":{"line":37,"column":20},"end":{"line":37,"column":46}},"22":{"start":{"line":38,"column":6},"end":{"line":40,"column":68}},"23":{"start":{"line":42,"column":6},"end":{"line":44,"column":77}},"24":{"start":{"line":47,"column":18},"end":{"line":47,"column":44}},"25":{"start":{"line":48,"column":4},"end":{"line":52,"column":7}},"26":{"start":{"line":57,"column":2},"end":{"line":69,"column":3}},"27":{"start":{"line":58,"column":18},"end":{"line":58,"column":44}},"28":{"start":{"line":59,"column":17},"end":{"line":62,"column":5}},"29":{"start":{"line":63,"column":20},"end":{"line":63,"column":32}},"30":{"start":{"line":64,"column":4},"end":{"line":64,"column":61}},"31":{"start":{"line":66,"column":4},"end":{"line":68,"column":71}},"32":{"start":{"line":73,"column":2},"end":{"line":95,"column":3}},"33":{"start":{"line":74,"column":18},"end":{"line":74,"column":44}},"34":{"start":{"line":75,"column":17},"end":{"line":78,"column":5}},"35":{"start":{"line":79,"column":28},"end":{"line":79,"column":73}},"36":{"start":{"line":81,"column":20},"end":{"line":81,"column":32}},"37":{"start":{"line":83,"column":18},"end":{"line":89,"column":6}},"38":{"start":{"line":90,"column":4},"end":{"line":90,"column":57}},"39":{"start":{"line":92,"column":4},"end":{"line":94,"column":71}},"40":{"start":{"line":98,"column":2},"end":{"line":121,"column":3}},"41":{"start":{"line":99,"column":17},"end":{"line":99,"column":49}},"42":{"start":{"line":100,"column":19},"end":{"line":100,"column":56}},"43":{"start":{"line":101,"column":4},"end":{"line":113,"column":5}},"44":{"start":{"line":102,"column":6},"end":{"line":102,"column":43}},"45":{"start":{"line":103,"column":6},"end":{"line":103,"column":36}},"46":{"start":{"line":104,"column":6},"end":{"line":104,"column":36}},"47":{"start":{"line":105,"column":6},"end":{"line":105,"column":24}},"48":{"start":{"line":106,"column":6},"end":{"line":106,"column":26}},"49":{"start":{"line":107,"column":20},"end":{"line":107,"column":46}},"50":{"start":{"line":108,"column":6},"end":{"line":108,"column":70}},"51":{"start":{"line":110,"column":6},"end":{"line":112,"column":74}},"52":{"start":{"line":115,"column":18},"end":{"line":115,"column":44}},"53":{"start":{"line":116,"column":4},"end":{"line":120,"column":7}},"54":{"start":{"line":125,"column":2},"end":{"line":137,"column":3}},"55":{"start":{"line":126,"column":18},"end":{"line":126,"column":44}},"56":{"start":{"line":127,"column":17},"end":{"line":130,"column":5}},"57":{"start":{"line":131,"column":27},"end":{"line":131,"column":46}},"58":{"start":{"line":132,"column":4},"end":{"line":132,"column":75}},"59":{"start":{"line":134,"column":4},"end":{"line":136,"column":71}},"60":{"start":{"line":141,"column":2},"end":{"line":150,"column":3}},"61":{"start":{"line":142,"column":18},"end":{"line":142,"column":44}},"62":{"start":{"line":143,"column":17},"end":{"line":143,"column":49}},"63":{"start":{"line":144,"column":28},"end":{"line":144,"column":73}},"64":{"start":{"line":145,"column":4},"end":{"line":145,"column":77}},"65":{"start":{"line":147,"column":4},"end":{"line":149,"column":71}},"66":{"start":{"line":153,"column":2},"end":{"line":176,"column":3}},"67":{"start":{"line":154,"column":17},"end":{"line":154,"column":49}},"68":{"start":{"line":155,"column":19},"end":{"line":155,"column":56}},"69":{"start":{"line":156,"column":4},"end":{"line":168,"column":5}},"70":{"start":{"line":158,"column":6},"end":{"line":158,"column":43}},"71":{"start":{"line":159,"column":6},"end":{"line":159,"column":26}},"72":{"start":{"line":160,"column":20},"end":{"line":160,"column":46}},"73":{"start":{"line":161,"column":6},"end":{"line":163,"column":69}},"74":{"start":{"line":165,"column":6},"end":{"line":167,"column":77}},"75":{"start":{"line":170,"column":18},"end":{"line":170,"column":44}},"76":{"start":{"line":171,"column":4},"end":{"line":175,"column":7}},"77":{"start":{"line":180,"column":2},"end":{"line":190,"column":3}},"78":{"start":{"line":182,"column":18},"end":{"line":182,"column":44}},"79":{"start":{"line":183,"column":17},"end":{"line":183,"column":49}},"80":{"start":{"line":184,"column":19},"end":{"line":184,"column":56}},"81":{"start":{"line":185,"column":4},"end":{"line":185,"column":29}},"82":{"start":{"line":186,"column":4},"end":{"line":186,"column":21}},"83":{"start":{"line":187,"column":4},"end":{"line":187,"column":79}},"84":{"start":{"line":189,"column":4},"end":{"line":189,"column":83}},"85":{"start":{"line":206,"column":26},"end":{"line":216,"column":1}},"86":{"start":{"line":218,"column":0},"end":{"line":218,"column":35}}},"fnMap":{"0":{"name":"addFriend","decl":{"start":{"line":4,"column":15},"end":{"line":4,"column":24}},"loc":{"start":{"line":4,"column":35},"end":{"line":29,"column":1}},"line":4},"1":{"name":"declineFriendRequest","decl":{"start":{"line":30,"column":15},"end":{"line":30,"column":35}},"loc":{"start":{"line":30,"column":46},"end":{"line":54,"column":1}},"line":30},"2":{"name":"getFriends","decl":{"start":{"line":56,"column":15},"end":{"line":56,"column":25}},"loc":{"start":{"line":56,"column":36},"end":{"line":70,"column":1}},"line":56},"3":{"name":"getNonFriendUsers","decl":{"start":{"line":72,"column":15},"end":{"line":72,"column":32}},"loc":{"start":{"line":72,"column":43},"end":{"line":96,"column":1}},"line":72},"4":{"name":"acceptFriendRequest","decl":{"start":{"line":97,"column":15},"end":{"line":97,"column":34}},"loc":{"start":{"line":97,"column":45},"end":{"line":122,"column":1}},"line":97},"5":{"name":"getFriendRequests","decl":{"start":{"line":124,"column":15},"end":{"line":124,"column":32}},"loc":{"start":{"line":124,"column":43},"end":{"line":138,"column":1}},"line":124},"6":{"name":"getPendingFriendRequests","decl":{"start":{"line":140,"column":15},"end":{"line":140,"column":39}},"loc":{"start":{"line":140,"column":50},"end":{"line":151,"column":1}},"line":140},"7":{"name":"cancelFriendRequest","decl":{"start":{"line":152,"column":15},"end":{"line":152,"column":34}},"loc":{"start":{"line":152,"column":45},"end":{"line":177,"column":1}},"line":152},"8":{"name":"deleteFriend","decl":{"start":{"line":179,"column":15},"end":{"line":179,"column":27}},"loc":{"start":{"line":179,"column":38},"end":{"line":191,"column":1}},"line":179}},"branchMap":{"0":{"loc":{"start":{"line":9,"column":4},"end":{"line":16,"column":5}},"type":"if","locations":[{"start":{"line":9,"column":4},"end":{"line":16,"column":5}},{"start":{},"end":{}}],"line":9},"1":{"loc":{"start":{"line":10,"column":6},"end":{"line":11,"column":39}},"type":"binary-expr","locations":[{"start":{"line":10,"column":6},"end":{"line":10,"column":46}},{"start":{"line":11,"column":6},"end":{"line":11,"column":39}}],"line":10},"2":{"loc":{"start":{"line":34,"column":4},"end":{"line":45,"column":5}},"type":"if","locations":[{"start":{"line":34,"column":4},"end":{"line":45,"column":5}},{"start":{"line":41,"column":11},"end":{"line":45,"column":5}}],"line":34},"3":{"loc":{"start":{"line":101,"column":4},"end":{"line":113,"column":5}},"type":"if","locations":[{"start":{"line":101,"column":4},"end":{"line":113,"column":5}},{"start":{"line":109,"column":11},"end":{"line":113,"column":5}}],"line":101},"4":{"loc":{"start":{"line":156,"column":4},"end":{"line":168,"column":5}},"type":"if","locations":[{"start":{"line":156,"column":4},"end":{"line":168,"column":5}},{"start":{"line":164,"column":11},"end":{"line":168,"column":5}}],"line":156}},"s":{"0":7,"1":7,"2":7,"3":5,"4":5,"5":5,"6":5,"7":4,"8":2,"9":2,"10":2,"11":2,"12":2,"13":3,"14":3,"15":7,"16":7,"17":7,"18":5,"19":5,"20":5,"21":5,"22":5,"23":0,"24":2,"25":2,"26":2,"27":2,"28":2,"29":2,"30":2,"31":0,"32":2,"33":2,"34":2,"35":2,"36":2,"37":2,"38":2,"39":0,"40":4,"41":4,"42":4,"43":3,"44":2,"45":2,"46":2,"47":2,"48":2,"49":2,"50":2,"51":1,"52":2,"53":2,"54":2,"55":2,"56":2,"57":2,"58":2,"59":0,"60":0,"61":0,"62":0,"63":0,"64":0,"65":0,"66":0,"67":0,"68":0,"69":0,"70":0,"71":0,"72":0,"73":0,"74":0,"75":0,"76":0,"77":7,"78":7,"79":7,"80":7,"81":5,"82":5,"83":5,"84":2,"85":7,"86":7},"f":{"0":5,"1":7,"2":2,"3":2,"4":4,"5":2,"6":0,"7":0,"8":7},"b":{"0":[2,2],"1":[4,3],"2":[5,0],"3":[2,1],"4":[0,0]},"_coverageSchema":"1a1c01bbd47fc00a2c39e90264f33305004495a9","hash":"e3b4fe7856c2f068053c5dc5907a58031c7b9835"}
,"/Users/joewinter/Documents/acebook/api/controllers/message.js": {"path":"/Users/joewinter/Documents/acebook/api/controllers/message.js","statementMap":{"0":{"start":{"line":1,"column":21},"end":{"line":1,"column":54}},"1":{"start":{"line":2,"column":16},"end":{"line":2,"column":44}},"2":{"start":{"line":3,"column":13},"end":{"line":3,"column":38}},"3":{"start":{"line":4,"column":26},"end":{"line":4,"column":49}},"4":{"start":{"line":7,"column":2},"end":{"line":14,"column":3}},"5":{"start":{"line":8,"column":18},"end":{"line":8,"column":44}},"6":{"start":{"line":9,"column":25},"end":{"line":9,"column":78}},"7":{"start":{"line":10,"column":21},"end":{"line":10,"column":96}},"8":{"start":{"line":11,"column":4},"end":{"line":11,"column":63}},"9":{"start":{"line":13,"column":4},"end":{"line":13,"column":95}},"10":{"start":{"line":17,"column":24},"end":{"line":17,"column":32}},"11":{"start":{"line":18,"column":2},"end":{"line":18,"column":38}},"12":{"start":{"line":19,"column":2},"end":{"line":19,"column":57}},"13":{"start":{"line":20,"column":18},"end":{"line":20,"column":44}},"14":{"start":{"line":21,"column":2},"end":{"line":21,"column":17}},"15":{"start":{"line":23,"column":19},"end":{"line":23,"column":45}},"16":{"start":{"line":24,"column":2},"end":{"line":24,"column":72}},"17":{"start":{"line":27,"column":27},"end":{"line":30,"column":1}},"18":{"start":{"line":32,"column":0},"end":{"line":32,"column":36}}},"fnMap":{"0":{"name":"getMessagesByConversation","decl":{"start":{"line":6,"column":15},"end":{"line":6,"column":40}},"loc":{"start":{"line":6,"column":51},"end":{"line":15,"column":1}},"line":6},"1":{"name":"sendMessage","decl":{"start":{"line":16,"column":15},"end":{"line":16,"column":26}},"loc":{"start":{"line":16,"column":37},"end":{"line":25,"column":1}},"line":16}},"branchMap":{},"s":{"0":7,"1":7,"2":7,"3":7,"4":1,"5":1,"6":1,"7":1,"8":1,"9":0,"10":1,"11":1,"12":1,"13":1,"14":1,"15":1,"16":1,"17":7,"18":7},"f":{"0":1,"1":1},"b":{},"_coverageSchema":"1a1c01bbd47fc00a2c39e90264f33305004495a9","hash":"4e9a436749f7e4e6e05cec3e94b2b1b51007f630"}
,"/Users/joewinter/Documents/acebook/api/controllers/posts.js": {"path":"/Users/joewinter/Documents/acebook/api/controllers/posts.js","statementMap":{"0":{"start":{"line":1,"column":13},"end":{"line":1,"column":38}},"1":{"start":{"line":2,"column":26},"end":{"line":2,"column":49}},"2":{"start":{"line":3,"column":13},"end":{"line":3,"column":38}},"3":{"start":{"line":4,"column":25},"end":{"line":4,"column":62}},"4":{"start":{"line":7,"column":4},"end":{"line":23,"column":5}},"5":{"start":{"line":8,"column":20},"end":{"line":8,"column":46}},"6":{"start":{"line":9,"column":18},"end":{"line":9,"column":20}},"7":{"start":{"line":10,"column":6},"end":{"line":16,"column":7}},"8":{"start":{"line":11,"column":21},"end":{"line":11,"column":58}},"9":{"start":{"line":13,"column":8},"end":{"line":15,"column":9}},"10":{"start":{"line":14,"column":10},"end":{"line":14,"column":32}},"11":{"start":{"line":19,"column":20},"end":{"line":19,"column":71}},"12":{"start":{"line":20,"column":6},"end":{"line":20,"column":59}},"13":{"start":{"line":22,"column":6},"end":{"line":22,"column":86}},"14":{"start":{"line":27,"column":21},"end":{"line":27,"column":29}},"15":{"start":{"line":28,"column":2},"end":{"line":28,"column":31}},"16":{"start":{"line":29,"column":15},"end":{"line":29,"column":35}},"17":{"start":{"line":30,"column":2},"end":{"line":30,"column":14}},"18":{"start":{"line":32,"column":19},"end":{"line":32,"column":45}},"19":{"start":{"line":33,"column":2},"end":{"line":33,"column":69}},"20":{"start":{"line":37,"column":2},"end":{"line":61,"column":3}},"21":{"start":{"line":38,"column":19},"end":{"line":38,"column":32}},"22":{"start":{"line":41,"column":17},"end":{"line":41,"column":44}},"23":{"start":{"line":43,"column":4},"end":{"line":45,"column":5}},"24":{"start":{"line":44,"column":6},"end":{"line":44,"column":65}},"25":{"start":{"line":48,"column":4},"end":{"line":50,"column":5}},"26":{"start":{"line":49,"column":6},"end":{"line":49,"column":83}},"27":{"start":{"line":53,"column":4},"end":{"line":53,"column":31}},"28":{"start":{"line":54,"column":21},"end":{"line":54,"column":47}},"29":{"start":{"line":57,"column":4},"end":{"line":57,"column":71}},"30":{"start":{"line":59,"column":4},"end":{"line":59,"column":49}},"31":{"start":{"line":60,"column":4},"end":{"line":60,"column":76}},"32":{"start":{"line":65,"column":24},"end":{"line":69,"column":1}},"33":{"start":{"line":71,"column":0},"end":{"line":71,"column":33}}},"fnMap":{"0":{"name":"getAllPosts","decl":{"start":{"line":6,"column":15},"end":{"line":6,"column":26}},"loc":{"start":{"line":6,"column":37},"end":{"line":24,"column":3}},"line":6},"1":{"name":"createPost","decl":{"start":{"line":26,"column":15},"end":{"line":26,"column":25}},"loc":{"start":{"line":26,"column":36},"end":{"line":34,"column":1}},"line":26},"2":{"name":"deletePost","decl":{"start":{"line":36,"column":15},"end":{"line":36,"column":25}},"loc":{"start":{"line":36,"column":36},"end":{"line":62,"column":1}},"line":36}},"branchMap":{"0":{"loc":{"start":{"line":10,"column":6},"end":{"line":16,"column":7}},"type":"if","locations":[{"start":{"line":10,"column":6},"end":{"line":16,"column":7}},{"start":{},"end":{}}],"line":10},"1":{"loc":{"start":{"line":13,"column":8},"end":{"line":15,"column":9}},"type":"if","locations":[{"start":{"line":13,"column":8},"end":{"line":15,"column":9}},{"start":{},"end":{}}],"line":13},"2":{"loc":{"start":{"line":43,"column":4},"end":{"line":45,"column":5}},"type":"if","locations":[{"start":{"line":43,"column":4},"end":{"line":45,"column":5}},{"start":{},"end":{}}],"line":43},"3":{"loc":{"start":{"line":48,"column":4},"end":{"line":50,"column":5}},"type":"if","locations":[{"start":{"line":48,"column":4},"end":{"line":50,"column":5}},{"start":{},"end":{}}],"line":48}},"s":{"0":7,"1":7,"2":7,"3":7,"4":5,"5":5,"6":5,"7":5,"8":1,"9":1,"10":1,"11":5,"12":5,"13":0,"14":3,"15":3,"16":3,"17":3,"18":3,"19":3,"20":3,"21":3,"22":3,"23":3,"24":1,"25":2,"26":1,"27":1,"28":1,"29":1,"30":0,"31":0,"32":7,"33":7},"f":{"0":5,"1":3,"2":3},"b":{"0":[1,4],"1":[1,0],"2":[1,2],"3":[1,1]},"_coverageSchema":"1a1c01bbd47fc00a2c39e90264f33305004495a9","hash":"37ffab77e35912543dd9d6840ee56b797ee3e61c"}
,"/Users/joewinter/Documents/acebook/api/controllers/user.js": {"path":"/Users/joewinter/Documents/acebook/api/controllers/user.js","statementMap":{"0":{"start":{"line":1,"column":13},"end":{"line":1,"column":38}},"1":{"start":{"line":2,"column":26},"end":{"line":2,"column":49}},"2":{"start":{"line":3,"column":25},"end":{"line":3,"column":62}},"3":{"start":{"line":7,"column":16},"end":{"line":7,"column":33}},"4":{"start":{"line":8,"column":16},"end":{"line":8,"column":42}},"5":{"start":{"line":9,"column":2},"end":{"line":9,"column":55}},"6":{"start":{"line":13,"column":4},"end":{"line":32,"column":5}},"7":{"start":{"line":14,"column":20},"end":{"line":14,"column":46}},"8":{"start":{"line":15,"column":18},"end":{"line":15,"column":20}},"9":{"start":{"line":16,"column":6},"end":{"line":27,"column":7}},"10":{"start":{"line":18,"column":21},"end":{"line":18,"column":58}},"11":{"start":{"line":19,"column":8},"end":{"line":21,"column":9}},"12":{"start":{"line":20,"column":10},"end":{"line":20,"column":34}},"13":{"start":{"line":23,"column":21},"end":{"line":23,"column":53}},"14":{"start":{"line":24,"column":8},"end":{"line":26,"column":9}},"15":{"start":{"line":25,"column":10},"end":{"line":25,"column":34}},"16":{"start":{"line":28,"column":23},"end":{"line":28,"column":105}},"17":{"start":{"line":29,"column":6},"end":{"line":29,"column":65}},"18":{"start":{"line":31,"column":6},"end":{"line":31,"column":97}},"19":{"start":{"line":36,"column":27},"end":{"line":39,"column":1}},"20":{"start":{"line":41,"column":0},"end":{"line":41,"column":36}}},"fnMap":{"0":{"name":"getAllUsers","decl":{"start":{"line":6,"column":15},"end":{"line":6,"column":26}},"loc":{"start":{"line":6,"column":37},"end":{"line":10,"column":1}},"line":6},"1":{"name":"getUserInfo","decl":{"start":{"line":12,"column":15},"end":{"line":12,"column":26}},"loc":{"start":{"line":12,"column":37},"end":{"line":33,"column":3}},"line":12}},"branchMap":{"0":{"loc":{"start":{"line":16,"column":6},"end":{"line":27,"column":7}},"type":"if","locations":[{"start":{"line":16,"column":6},"end":{"line":27,"column":7}},{"start":{"line":22,"column":13},"end":{"line":27,"column":7}}],"line":16},"1":{"loc":{"start":{"line":19,"column":8},"end":{"line":21,"column":9}},"type":"if","locations":[{"start":{"line":19,"column":8},"end":{"line":21,"column":9}},{"start":{},"end":{}}],"line":19},"2":{"loc":{"start":{"line":24,"column":8},"end":{"line":26,"column":9}},"type":"if","locations":[{"start":{"line":24,"column":8},"end":{"line":26,"column":9}},{"start":{},"end":{}}],"line":24}},"s":{"0":7,"1":7,"2":7,"3":0,"4":0,"5":0,"6":6,"7":6,"8":6,"9":6,"10":3,"11":2,"12":2,"13":3,"14":3,"15":3,"16":5,"17":5,"18":1,"19":7,"20":7},"f":{"0":0,"1":6},"b":{"0":[3,3],"1":[2,0],"2":[3,0]},"_coverageSchema":"1a1c01bbd47fc00a2c39e90264f33305004495a9","hash":"0f9a0f9b5fefa0191f3bd4ca8be01bf85d26ab79"}
,"/Users/joewinter/Documents/acebook/api/controllers/users.js": {"path":"/Users/joewinter/Documents/acebook/api/controllers/users.js","statementMap":{"0":{"start":{"line":1,"column":13},"end":{"line":1,"column":38}},"1":{"start":{"line":2,"column":26},"end":{"line":2,"column":49}},"2":{"start":{"line":3,"column":25},"end":{"line":3,"column":62}},"3":{"start":{"line":6,"column":16},"end":{"line":6,"column":30}},"4":{"start":{"line":7,"column":19},"end":{"line":7,"column":36}},"5":{"start":{"line":8,"column":19},"end":{"line":8,"column":36}},"6":{"start":{"line":9,"column":20},"end":{"line":9,"column":38}},"7":{"start":{"line":10,"column":19},"end":{"line":10,"column":36}},"8":{"start":{"line":11,"column":17},"end":{"line":11,"column":32}},"9":{"start":{"line":12,"column":19},"end":{"line":12,"column":36}},"10":{"start":{"line":14,"column":15},"end":{"line":16,"column":4}},"11":{"start":{"line":17,"column":2},"end":{"line":26,"column":7}},"12":{"start":{"line":20,"column":6},"end":{"line":20,"column":60}},"13":{"start":{"line":21,"column":6},"end":{"line":21,"column":46}},"14":{"start":{"line":24,"column":6},"end":{"line":24,"column":25}},"15":{"start":{"line":25,"column":6},"end":{"line":25,"column":64}},"16":{"start":{"line":30,"column":20},"end":{"line":30,"column":37}},"17":{"start":{"line":31,"column":20},"end":{"line":31,"column":46}},"18":{"start":{"line":32,"column":6},"end":{"line":32,"column":59}},"19":{"start":{"line":35,"column":24},"end":{"line":38,"column":1}},"20":{"start":{"line":40,"column":0},"end":{"line":40,"column":33}}},"fnMap":{"0":{"name":"create","decl":{"start":{"line":5,"column":9},"end":{"line":5,"column":15}},"loc":{"start":{"line":5,"column":26},"end":{"line":27,"column":3}},"line":5},"1":{"name":"(anonymous_1)","decl":{"start":{"line":19,"column":10},"end":{"line":19,"column":11}},"loc":{"start":{"line":19,"column":20},"end":{"line":22,"column":5}},"line":19},"2":{"name":"(anonymous_2)","decl":{"start":{"line":23,"column":11},"end":{"line":23,"column":12}},"loc":{"start":{"line":23,"column":20},"end":{"line":26,"column":5}},"line":23},"3":{"name":"getAllUsers","decl":{"start":{"line":29,"column":15},"end":{"line":29,"column":26}},"loc":{"start":{"line":29,"column":37},"end":{"line":33,"column":1}},"line":29}},"branchMap":{},"s":{"0":7,"1":7,"2":7,"3":6,"4":6,"5":6,"6":6,"7":6,"8":6,"9":6,"10":6,"11":6,"12":2,"13":2,"14":4,"15":4,"16":0,"17":0,"18":0,"19":7,"20":7},"f":{"0":6,"1":2,"2":4,"3":0},"b":{},"_coverageSchema":"1a1c01bbd47fc00a2c39e90264f33305004495a9","hash":"283f606c7419cb2686bf5b77e4138857549af357"}
,"/Users/joewinter/Documents/acebook/api/db/db.js": {"path":"/Users/joewinter/Documents/acebook/api/db/db.js","statementMap":{"0":{"start":{"line":1,"column":17},"end":{"line":1,"column":36}},"1":{"start":{"line":4,"column":21},"end":{"line":4,"column":44}},"2":{"start":{"line":6,"column":2},"end":{"line":11,"column":3}},"3":{"start":{"line":7,"column":4},"end":{"line":9,"column":6}},"4":{"start":{"line":10,"column":4},"end":{"line":10,"column":53}},"5":{"start":{"line":13,"column":2},"end":{"line":13,"column":37}},"6":{"start":{"line":15,"column":2},"end":{"line":17,"column":3}},"7":{"start":{"line":16,"column":4},"end":{"line":16,"column":53}},"8":{"start":{"line":20,"column":0},"end":{"line":20,"column":39}}},"fnMap":{"0":{"name":"connectToDatabase","decl":{"start":{"line":3,"column":15},"end":{"line":3,"column":32}},"loc":{"start":{"line":3,"column":35},"end":{"line":18,"column":1}},"line":3}},"branchMap":{"0":{"loc":{"start":{"line":6,"column":2},"end":{"line":11,"column":3}},"type":"if","locations":[{"start":{"line":6,"column":2},"end":{"line":11,"column":3}},{"start":{},"end":{}}],"line":6},"1":{"loc":{"start":{"line":15,"column":2},"end":{"line":17,"column":3}},"type":"if","locations":[{"start":{"line":15,"column":2},"end":{"line":17,"column":3}},{"start":{},"end":{}}],"line":15}},"s":{"0":10,"1":10,"2":10,"3":0,"4":0,"5":10,"6":10,"7":0,"8":10},"f":{"0":10},"b":{"0":[0,10],"1":[0,10]},"_coverageSchema":"1a1c01bbd47fc00a2c39e90264f33305004495a9","hash":"5ae4b660e6c1c59cd2cd50cba9e7be6db01b3b6c"}
,"/Users/joewinter/Documents/acebook/api/lib/token.js": {"path":"/Users/joewinter/Documents/acebook/api/lib/token.js","statementMap":{"0":{"start":{"line":1,"column":12},"end":{"line":1,"column":35}},"1":{"start":{"line":2,"column":15},"end":{"line":2,"column":37}},"2":{"start":{"line":10,"column":2},"end":{"line":23,"column":3}},"3":{"start":{"line":11,"column":4},"end":{"line":20,"column":6}},"4":{"start":{"line":22,"column":4},"end":{"line":22,"column":14}},"5":{"start":{"line":27,"column":2},"end":{"line":27,"column":35}},"6":{"start":{"line":30,"column":0},"end":{"line":30,"column":48}}},"fnMap":{"0":{"name":"generateToken","decl":{"start":{"line":9,"column":9},"end":{"line":9,"column":22}},"loc":{"start":{"line":9,"column":32},"end":{"line":24,"column":1}},"line":9},"1":{"name":"decodeToken","decl":{"start":{"line":26,"column":9},"end":{"line":26,"column":20}},"loc":{"start":{"line":26,"column":28},"end":{"line":28,"column":1}},"line":26}},"branchMap":{"0":{"loc":{"start":{"line":10,"column":2},"end":{"line":23,"column":3}},"type":"if","locations":[{"start":{"line":10,"column":2},"end":{"line":23,"column":3}},{"start":{"line":21,"column":9},"end":{"line":23,"column":3}}],"line":10}},"s":{"0":8,"1":8,"2":50,"3":50,"4":0,"5":2,"6":8},"f":{"0":50,"1":2},"b":{"0":[50,0]},"_coverageSchema":"1a1c01bbd47fc00a2c39e90264f33305004495a9","hash":"7191e65f5706bf07e71d2cb23ceecd3c7d5d7b0d"}
,"/Users/joewinter/Documents/acebook/api/middleware/tokenChecker.js": {"path":"/Users/joewinter/Documents/acebook/api/middleware/tokenChecker.js","statementMap":{"0":{"start":{"line":1,"column":12},"end":{"line":1,"column":35}},"1":{"start":{"line":6,"column":21},"end":{"line":6,"column":45}},"2":{"start":{"line":8,"column":2},"end":{"line":10,"column":3}},"3":{"start":{"line":9,"column":4},"end":{"line":9,"column":32}},"4":{"start":{"line":12,"column":2},"end":{"line":21,"column":5}},"5":{"start":{"line":13,"column":4},"end":{"line":20,"column":5}},"6":{"start":{"line":15,"column":6},"end":{"line":15,"column":54}},"7":{"start":{"line":18,"column":6},"end":{"line":18,"column":36}},"8":{"start":{"line":19,"column":6},"end":{"line":19,"column":13}},"9":{"start":{"line":24,"column":0},"end":{"line":24,"column":30}}},"fnMap":{"0":{"name":"tokenChecker","decl":{"start":{"line":4,"column":9},"end":{"line":4,"column":21}},"loc":{"start":{"line":4,"column":38},"end":{"line":22,"column":1}},"line":4},"1":{"name":"(anonymous_1)","decl":{"start":{"line":12,"column":44},"end":{"line":12,"column":45}},"loc":{"start":{"line":12,"column":62},"end":{"line":21,"column":3}},"line":12}},"branchMap":{"0":{"loc":{"start":{"line":8,"column":2},"end":{"line":10,"column":3}},"type":"if","locations":[{"start":{"line":8,"column":2},"end":{"line":10,"column":3}},{"start":{},"end":{}}],"line":8},"1":{"loc":{"start":{"line":13,"column":4},"end":{"line":20,"column":5}},"type":"if","locations":[{"start":{"line":13,"column":4},"end":{"line":20,"column":5}},{"start":{"line":16,"column":11},"end":{"line":20,"column":5}}],"line":13}},"s":{"0":7,"1":56,"2":56,"3":49,"4":56,"5":56,"6":7,"7":49,"8":49,"9":7},"f":{"0":56,"1":56},"b":{"0":[49,7],"1":[7,49]},"_coverageSchema":"1a1c01bbd47fc00a2c39e90264f33305004495a9","hash":"f1963e12d05eaa4255a174b404fc84d6df212008"}
,"/Users/joewinter/Documents/acebook/api/models/conversation.js": {"path":"/Users/joewinter/Documents/acebook/api/models/conversation.js","statementMap":{"0":{"start":{"line":1,"column":17},"end":{"line":1,"column":36}},"1":{"start":{"line":3,"column":27},"end":{"line":7,"column":2}},"2":{"start":{"line":9,"column":21},"end":{"line":9,"column":71}},"3":{"start":{"line":11,"column":0},"end":{"line":11,"column":30}}},"fnMap":{},"branchMap":{},"s":{"0":7,"1":7,"2":7,"3":7},"f":{},"b":{},"_coverageSchema":"1a1c01bbd47fc00a2c39e90264f33305004495a9","hash":"87e4f8befb1d63ebc9d7037b3014c9d7aaefdff2"}
,"/Users/joewinter/Documents/acebook/api/models/message.js": {"path":"/Users/joewinter/Documents/acebook/api/models/message.js","statementMap":{"0":{"start":{"line":1,"column":17},"end":{"line":1,"column":36}},"1":{"start":{"line":3,"column":22},"end":{"line":8,"column":2}},"2":{"start":{"line":10,"column":16},"end":{"line":10,"column":56}},"3":{"start":{"line":12,"column":0},"end":{"line":12,"column":25}}},"fnMap":{},"branchMap":{},"s":{"0":7,"1":7,"2":7,"3":7},"f":{},"b":{},"_coverageSchema":"1a1c01bbd47fc00a2c39e90264f33305004495a9","hash":"9ae66a15cba33913ed2f78be2e048b97ca78031a"}
,"/Users/joewinter/Documents/acebook/api/models/post.js": {"path":"/Users/joewinter/Documents/acebook/api/models/post.js","statementMap":{"0":{"start":{"line":1,"column":17},"end":{"line":1,"column":36}},"1":{"start":{"line":5,"column":19},"end":{"line":11,"column":2}},"2":{"start":{"line":15,"column":13},"end":{"line":15,"column":47}},"3":{"start":{"line":22,"column":0},"end":{"line":22,"column":22}}},"fnMap":{},"branchMap":{},"s":{"0":9,"1":9,"2":9,"3":9},"f":{},"b":{},"_coverageSchema":"1a1c01bbd47fc00a2c39e90264f33305004495a9","hash":"f35c47cd0f24b909d60b756de5fa2a80b3d82348"}
,"/Users/joewinter/Documents/acebook/api/models/user.js": {"path":"/Users/joewinter/Documents/acebook/api/models/user.js","statementMap":{"0":{"start":{"line":1,"column":17},"end":{"line":1,"column":36}},"1":{"start":{"line":3,"column":19},"end":{"line":19,"column":2}},"2":{"start":{"line":6,"column":36},"end":{"line":6,"column":89}},"3":{"start":{"line":10,"column":6},"end":{"line":10,"column":100}},"4":{"start":{"line":21,"column":13},"end":{"line":21,"column":47}},"5":{"start":{"line":23,"column":0},"end":{"line":23,"column":22}}},"fnMap":{"0":{"name":"(anonymous_0)","decl":{"start":{"line":6,"column":17},"end":{"line":6,"column":18}},"loc":{"start":{"line":6,"column":34},"end":{"line":6,"column":90}},"line":6},"1":{"name":"(anonymous_1)","decl":{"start":{"line":9,"column":15},"end":{"line":9,"column":16}},"loc":{"start":{"line":9,"column":35},"end":{"line":10,"column":101}},"line":9}},"branchMap":{},"s":{"0":9,"1":9,"2":150,"3":150,"4":9,"5":9},"f":{"0":150,"1":150},"b":{},"_coverageSchema":"1a1c01bbd47fc00a2c39e90264f33305004495a9","hash":"f77fe3681668df90821e3932276d0fb247df72f7"}
,"/Users/joewinter/Documents/acebook/api/routes/authentication.js": {"path":"/Users/joewinter/Documents/acebook/api/routes/authentication.js","statementMap":{"0":{"start":{"line":1,"column":16},"end":{"line":1,"column":34}},"1":{"start":{"line":2,"column":15},"end":{"line":2,"column":31}},"2":{"start":{"line":4,"column":33},"end":{"line":4,"column":73}},"3":{"start":{"line":6,"column":0},"end":{"line":6,"column":55}},"4":{"start":{"line":8,"column":0},"end":{"line":8,"column":24}}},"fnMap":{},"branchMap":{},"s":{"0":7,"1":7,"2":7,"3":7,"4":7},"f":{},"b":{},"_coverageSchema":"1a1c01bbd47fc00a2c39e90264f33305004495a9","hash":"6ddea2e758afd71b3e9498f3ea8fb19ff9f44dd3"}
,"/Users/joewinter/Documents/acebook/api/routes/conversations.js": {"path":"/Users/joewinter/Documents/acebook/api/routes/conversations.js","statementMap":{"0":{"start":{"line":1,"column":16},"end":{"line":1,"column":34}},"1":{"start":{"line":2,"column":15},"end":{"line":2,"column":31}},"2":{"start":{"line":4,"column":31},"end":{"line":4,"column":69}},"3":{"start":{"line":6,"column":0},"end":{"line":6,"column":61}},"4":{"start":{"line":8,"column":0},"end":{"line":8,"column":24}}},"fnMap":{},"branchMap":{},"s":{"0":7,"1":7,"2":7,"3":7,"4":7},"f":{},"b":{},"_coverageSchema":"1a1c01bbd47fc00a2c39e90264f33305004495a9","hash":"a62c22b8486d506c62910d843b2c81aeaba52d5c"}
,"/Users/joewinter/Documents/acebook/api/routes/friends.js": {"path":"/Users/joewinter/Documents/acebook/api/routes/friends.js","statementMap":{"0":{"start":{"line":1,"column":16},"end":{"line":1,"column":34}},"1":{"start":{"line":2,"column":15},"end":{"line":2,"column":31}},"2":{"start":{"line":4,"column":26},"end":{"line":4,"column":59}},"3":{"start":{"line":6,"column":0},"end":{"line":6,"column":46}},"4":{"start":{"line":7,"column":0},"end":{"line":7,"column":61}},"5":{"start":{"line":8,"column":0},"end":{"line":8,"column":64}},"6":{"start":{"line":9,"column":0},"end":{"line":9,"column":45}},"7":{"start":{"line":10,"column":0},"end":{"line":10,"column":50}},"8":{"start":{"line":11,"column":0},"end":{"line":11,"column":55}},"9":{"start":{"line":12,"column":0},"end":{"line":12,"column":60}},"10":{"start":{"line":13,"column":0},"end":{"line":13,"column":75}},"11":{"start":{"line":14,"column":0},"end":{"line":14,"column":73}},"12":{"start":{"line":15,"column":0},"end":{"line":15,"column":24}}},"fnMap":{},"branchMap":{},"s":{"0":7,"1":7,"2":7,"3":7,"4":7,"5":7,"6":7,"7":7,"8":7,"9":7,"10":7,"11":7,"12":7},"f":{},"b":{},"_coverageSchema":"1a1c01bbd47fc00a2c39e90264f33305004495a9","hash":"a09356316b433f9b93be143bcff206c394f20fe2"}
,"/Users/joewinter/Documents/acebook/api/routes/messages.js": {"path":"/Users/joewinter/Documents/acebook/api/routes/messages.js","statementMap":{"0":{"start":{"line":1,"column":16},"end":{"line":1,"column":34}},"1":{"start":{"line":2,"column":15},"end":{"line":2,"column":31}},"2":{"start":{"line":4,"column":27},"end":{"line":4,"column":60}},"3":{"start":{"line":6,"column":0},"end":{"line":6,"column":62}},"4":{"start":{"line":7,"column":0},"end":{"line":7,"column":49}},"5":{"start":{"line":9,"column":0},"end":{"line":9,"column":24}}},"fnMap":{},"branchMap":{},"s":{"0":7,"1":7,"2":7,"3":7,"4":7,"5":7},"f":{},"b":{},"_coverageSchema":"1a1c01bbd47fc00a2c39e90264f33305004495a9","hash":"f75b0ddb2b6a424235d4cebec7860ea159836d47"}
,"/Users/joewinter/Documents/acebook/api/routes/posts.js": {"path":"/Users/joewinter/Documents/acebook/api/routes/posts.js","statementMap":{"0":{"start":{"line":1,"column":16},"end":{"line":1,"column":34}},"1":{"start":{"line":2,"column":15},"end":{"line":2,"column":31}},"2":{"start":{"line":4,"column":24},"end":{"line":4,"column":55}},"3":{"start":{"line":5,"column":33},"end":{"line":5,"column":73}},"4":{"start":{"line":7,"column":0},"end":{"line":7,"column":45}},"5":{"start":{"line":8,"column":0},"end":{"line":8,"column":45}},"6":{"start":{"line":9,"column":0},"end":{"line":9,"column":50}},"7":{"start":{"line":12,"column":0},"end":{"line":12,"column":24}}},"fnMap":{},"branchMap":{},"s":{"0":7,"1":7,"2":7,"3":7,"4":7,"5":7,"6":7,"7":7},"f":{},"b":{},"_coverageSchema":"1a1c01bbd47fc00a2c39e90264f33305004495a9","hash":"ad252a0cad4671fd1ade18bcde6ed7eab061e6ee"}
,"/Users/joewinter/Documents/acebook/api/routes/user.js": {"path":"/Users/joewinter/Documents/acebook/api/routes/user.js","statementMap":{"0":{"start":{"line":1,"column":16},"end":{"line":1,"column":34}},"1":{"start":{"line":3,"column":27},"end":{"line":3,"column":57}},"2":{"start":{"line":5,"column":15},"end":{"line":5,"column":31}},"3":{"start":{"line":7,"column":0},"end":{"line":7,"column":48}},"4":{"start":{"line":8,"column":0},"end":{"line":8,"column":51}},"5":{"start":{"line":11,"column":0},"end":{"line":11,"column":24}}},"fnMap":{},"branchMap":{},"s":{"0":7,"1":7,"2":7,"3":7,"4":7,"5":7},"f":{},"b":{},"_coverageSchema":"1a1c01bbd47fc00a2c39e90264f33305004495a9","hash":"3821c9777bb3b6142d7640d5b0ea1d90266abf1e"}
,"/Users/joewinter/Documents/acebook/api/routes/users.js": {"path":"/Users/joewinter/Documents/acebook/api/routes/users.js","statementMap":{"0":{"start":{"line":1,"column":16},"end":{"line":1,"column":34}},"1":{"start":{"line":3,"column":24},"end":{"line":3,"column":55}},"2":{"start":{"line":5,"column":15},"end":{"line":5,"column":31}},"3":{"start":{"line":7,"column":0},"end":{"line":7,"column":41}},"4":{"start":{"line":9,"column":0},"end":{"line":9,"column":24}}},"fnMap":{},"branchMap":{},"s":{"0":7,"1":7,"2":7,"3":7,"4":7},"f":{},"b":{},"_coverageSchema":"1a1c01bbd47fc00a2c39e90264f33305004495a9","hash":"aff9bd26f0a6624e473812cdf4ed8caee0983355"}
,"/Users/joewinter/Documents/acebook/api/tests/mongodb_helper.js": {"path":"/Users/joewinter/Documents/acebook/api/tests/mongodb_helper.js","statementMap":{"0":{"start":{"line":1,"column":17},"end":{"line":1,"column":36}},"1":{"start":{"line":2,"column":30},"end":{"line":2,"column":49}},"2":{"start":{"line":4,"column":0},"end":{"line":6,"column":3}},"3":{"start":{"line":5,"column":2},"end":{"line":5,"column":28}},"4":{"start":{"line":8,"column":0},"end":{"line":10,"column":3}},"5":{"start":{"line":9,"column":2},"end":{"line":9,"column":40}}},"fnMap":{"0":{"name":"(anonymous_0)","decl":{"start":{"line":4,"column":10},"end":{"line":4,"column":11}},"loc":{"start":{"line":4,"column":22},"end":{"line":6,"column":1}},"line":4},"1":{"name":"(anonymous_1)","decl":{"start":{"line":8,"column":9},"end":{"line":8,"column":10}},"loc":{"start":{"line":8,"column":21},"end":{"line":10,"column":1}},"line":8}},"branchMap":{},"s":{"0":10,"1":10,"2":10,"3":10,"4":10,"5":10},"f":{"0":10,"1":10},"b":{},"_coverageSchema":"1a1c01bbd47fc00a2c39e90264f33305004495a9","hash":"ece0dad3d501a65cf3516d86b055d404503325e7"}
}
