TN:
SF:app.js
FN:35,(anonymous_0)
FN:40,(anonymous_1)
FNF:2
FNH:0
FNDA:0,(anonymous_0)
FNDA:0,(anonymous_1)
DA:1,7
DA:2,7
DA:3,7
DA:5,7
DA:6,7
DA:7,7
DA:8,7
DA:9,7
DA:10,7
DA:11,7
DA:12,7
DA:14,7
DA:19,7
DA:22,7
DA:25,7
DA:26,7
DA:27,7
DA:28,7
DA:29,7
DA:30,7
DA:31,7
DA:35,7
DA:36,0
DA:40,7
DA:41,0
DA:42,0
DA:43,0
DA:45,0
DA:49,7
LF:29
LH:24
BRDA:42,0,0,0
BRDA:42,0,1,0
BRF:2
BRH:0
end_of_record
TN:
SF:controllers/authentication.js
FN:4,createToken
FNF:1
FNH:1
FNDA:3,createToken
DA:1,7
DA:2,7
DA:5,3
DA:6,3
DA:8,3
DA:9,3
DA:11,1
DA:12,2
DA:14,1
DA:16,1
DA:17,1
DA:21,7
DA:25,7
LF:13
LH:13
BRDA:9,0,0,1
BRDA:9,0,1,2
BRDA:12,1,0,1
BRDA:12,1,1,1
BRF:4
BRH:4
end_of_record
TN:
SF:controllers/conversation.js
FN:6,getUserConversations
FNF:1
FNH:1
FNDA:1,getUserConversations
DA:1,7
DA:2,7
DA:3,7
DA:4,7
DA:7,1
DA:8,1
DA:9,1
DA:27,7
DA:31,7
LF:9
LH:9
BRF:0
BRH:0
end_of_record
TN:
SF:controllers/friends.js
FN:4,addFriend
FN:30,declineFriendRequest
FN:56,getFriends
FN:72,getNonFriendUsers
FN:97,acceptFriendRequest
FN:124,getFriendRequests
FN:140,getPendingFriendRequests
FN:152,cancelFriendRequest
FN:179,deleteFriend
FNF:9
FNH:7
FNDA:5,addFriend
FNDA:7,declineFriendRequest
FNDA:2,getFriends
FNDA:2,getNonFriendUsers
FNDA:4,acceptFriendRequest
FNDA:2,getFriendRequests
FNDA:0,getPendingFriendRequests
FNDA:0,cancelFriendRequest
FNDA:7,deleteFriend
DA:1,7
DA:2,7
DA:3,7
DA:5,5
DA:6,5
DA:7,5
DA:8,5
DA:9,4
DA:13,2
DA:17,2
DA:18,2
DA:19,2
DA:20,2
DA:22,3
DA:23,3
DA:31,7
DA:32,7
DA:33,7
DA:34,5
DA:35,5
DA:36,5
DA:37,5
DA:38,5
DA:42,0
DA:47,2
DA:48,2
DA:57,2
DA:58,2
DA:59,2
DA:63,2
DA:64,2
DA:66,0
DA:73,2
DA:74,2
DA:75,2
DA:79,2
DA:81,2
DA:83,2
DA:90,2
DA:92,0
DA:98,4
DA:99,4
DA:100,4
DA:101,3
DA:102,2
DA:103,2
DA:104,2
DA:105,2
DA:106,2
DA:107,2
DA:108,2
DA:110,1
DA:115,2
DA:116,2
DA:125,2
DA:126,2
DA:127,2
DA:131,2
DA:132,2
DA:134,0
DA:141,0
DA:142,0
DA:143,0
DA:144,0
DA:145,0
DA:147,0
DA:153,0
DA:154,0
DA:155,0
DA:156,0
DA:158,0
DA:159,0
DA:160,0
DA:161,0
DA:165,0
DA:170,0
DA:171,0
DA:180,7
DA:182,7
DA:183,7
DA:184,7
DA:185,5
DA:186,5
DA:187,5
DA:189,2
DA:206,7
DA:218,7
LF:87
LH:66
BRDA:9,0,0,2
BRDA:9,0,1,2
BRDA:10,1,0,4
BRDA:10,1,1,3
BRDA:34,2,0,5
BRDA:34,2,1,0
BRDA:101,3,0,2
BRDA:101,3,1,1
BRDA:156,4,0,0
BRDA:156,4,1,0
BRF:10
BRH:7
end_of_record
TN:
SF:controllers/message.js
FN:6,getMessagesByConversation
FN:16,sendMessage
FNF:2
FNH:2
FNDA:1,getMessagesByConversation
FNDA:1,sendMessage
DA:1,7
DA:2,7
DA:3,7
DA:4,7
DA:7,1
DA:8,1
DA:9,1
DA:10,1
DA:11,1
DA:13,0
DA:17,1
DA:18,1
DA:19,1
DA:20,1
DA:21,1
DA:23,1
DA:24,1
DA:27,7
DA:32,7
LF:19
LH:18
BRF:0
BRH:0
end_of_record
TN:
SF:controllers/posts.js
FN:6,getAllPosts
FN:26,createPost
FN:36,deletePost
FNF:3
FNH:3
FNDA:5,getAllPosts
FNDA:3,createPost
FNDA:3,deletePost
DA:1,7
DA:2,7
DA:3,7
DA:4,7
DA:7,5
DA:8,5
DA:9,5
DA:10,5
DA:11,1
DA:13,1
DA:14,1
DA:19,5
DA:20,5
DA:22,0
DA:27,3
DA:28,3
DA:29,3
DA:30,3
DA:32,3
DA:33,3
DA:37,3
DA:38,3
DA:41,3
DA:43,3
DA:44,1
DA:48,2
DA:49,1
DA:53,1
DA:54,1
DA:57,1
DA:59,0
DA:60,0
DA:65,7
DA:71,7
LF:34
LH:31
BRDA:10,0,0,1
BRDA:10,0,1,4
BRDA:13,1,0,1
BRDA:13,1,1,0
BRDA:43,2,0,1
BRDA:43,2,1,2
BRDA:48,3,0,1
BRDA:48,3,1,1
BRF:8
BRH:7
end_of_record
TN:
SF:controllers/user.js
FN:6,getAllUsers
FN:12,getUserInfo
FNF:2
FNH:1
FNDA:0,getAllUsers
FNDA:6,getUserInfo
DA:1,7
DA:2,7
DA:3,7
DA:7,0
DA:8,0
DA:9,0
DA:13,6
DA:14,6
DA:15,6
DA:16,6
DA:18,3
DA:19,2
DA:20,2
DA:23,3
DA:24,3
DA:25,3
DA:28,5
DA:29,5
DA:31,1
DA:36,7
DA:41,7
LF:21
LH:18
BRDA:16,0,0,3
BRDA:16,0,1,3
BRDA:19,1,0,2
BRDA:19,1,1,0
BRDA:24,2,0,3
BRDA:24,2,1,0
BRF:6
BRH:4
end_of_record
TN:
SF:controllers/users.js
FN:5,create
FN:19,(anonymous_1)
FN:23,(anonymous_2)
FN:29,getAllUsers
FNF:4
FNH:3
FNDA:6,create
FNDA:2,(anonymous_1)
FNDA:4,(anonymous_2)
FNDA:0,getAllUsers
DA:1,7
DA:2,7
DA:3,7
DA:6,6
DA:7,6
DA:8,6
DA:9,6
DA:10,6
DA:11,6
DA:12,6
DA:14,6
DA:17,6
DA:20,2
DA:21,2
DA:24,4
DA:25,4
DA:30,0
DA:31,0
DA:32,0
DA:35,7
DA:40,7
LF:21
LH:18
BRF:0
BRH:0
end_of_record
TN:
SF:db/db.js
FN:3,connectToDatabase
FNF:1
FNH:1
FNDA:10,connectToDatabase
DA:1,10
DA:4,10
DA:6,10
DA:7,0
DA:10,0
DA:13,10
DA:15,10
DA:16,0
DA:20,10
LF:9
LH:6
BRDA:6,0,0,0
BRDA:6,0,1,10
BRDA:15,1,0,0
BRDA:15,1,1,10
BRF:4
BRH:2
end_of_record
TN:
SF:lib/token.js
FN:9,generateToken
FN:26,decodeToken
FNF:2
FNH:2
FNDA:50,generateToken
FNDA:2,decodeToken
DA:1,8
DA:2,8
DA:10,50
DA:11,50
DA:22,0
DA:27,2
DA:30,8
LF:7
LH:6
BRDA:10,0,0,50
BRDA:10,0,1,0
BRF:2
BRH:1
end_of_record
TN:
SF:middleware/tokenChecker.js
FN:4,tokenChecker
FN:12,(anonymous_1)
FNF:2
FNH:2
FNDA:56,tokenChecker
FNDA:56,(anonymous_1)
DA:1,7
DA:6,56
DA:8,56
DA:9,49
DA:12,56
DA:13,56
DA:15,7
DA:18,49
DA:19,49
DA:24,7
LF:10
LH:10
BRDA:8,0,0,49
BRDA:8,0,1,7
BRDA:13,1,0,7
BRDA:13,1,1,49
BRF:4
BRH:4
end_of_record
TN:
SF:models/conversation.js
FNF:0
FNH:0
DA:1,7
DA:3,7
DA:9,7
DA:11,7
LF:4
LH:4
BRF:0
BRH:0
end_of_record
TN:
SF:models/message.js
FNF:0
FNH:0
DA:1,7
DA:3,7
DA:10,7
DA:12,7
LF:4
LH:4
BRF:0
BRH:0
end_of_record
TN:
SF:models/post.js
FNF:0
FNH:0
DA:1,9
DA:5,9
DA:15,9
DA:22,9
LF:4
LH:4
BRF:0
BRH:0
end_of_record
TN:
SF:models/user.js
FN:6,(anonymous_0)
FN:9,(anonymous_1)
FNF:2
FNH:2
FNDA:150,(anonymous_0)
FNDA:150,(anonymous_1)
DA:1,9
DA:3,9
DA:6,150
DA:10,150
DA:21,9
DA:23,9
LF:6
LH:6
BRF:0
BRH:0
end_of_record
TN:
SF:routes/authentication.js
FNF:0
FNH:0
DA:1,7
DA:2,7
DA:4,7
DA:6,7
DA:8,7
LF:5
LH:5
BRF:0
BRH:0
end_of_record
TN:
SF:routes/conversations.js
FNF:0
FNH:0
DA:1,7
DA:2,7
DA:4,7
DA:6,7
DA:8,7
LF:5
LH:5
BRF:0
BRH:0
end_of_record
TN:
SF:routes/friends.js
FNF:0
FNH:0
DA:1,7
DA:2,7
DA:4,7
DA:6,7
DA:7,7
DA:8,7
DA:9,7
DA:10,7
DA:11,7
DA:12,7
DA:13,7
DA:14,7
DA:15,7
LF:13
LH:13
BRF:0
BRH:0
end_of_record
TN:
SF:routes/messages.js
FNF:0
FNH:0
DA:1,7
DA:2,7
DA:4,7
DA:6,7
DA:7,7
DA:9,7
LF:6
LH:6
BRF:0
BRH:0
end_of_record
TN:
SF:routes/posts.js
FNF:0
FNH:0
DA:1,7
DA:2,7
DA:4,7
DA:5,7
DA:7,7
DA:8,7
DA:9,7
DA:12,7
LF:8
LH:8
BRF:0
BRH:0
end_of_record
TN:
SF:routes/user.js
FNF:0
FNH:0
DA:1,7
DA:3,7
DA:5,7
DA:7,7
DA:8,7
DA:11,7
LF:6
LH:6
BRF:0
BRH:0
end_of_record
TN:
SF:routes/users.js
FNF:0
FNH:0
DA:1,7
DA:3,7
DA:5,7
DA:7,7
DA:9,7
LF:5
LH:5
BRF:0
BRH:0
end_of_record
TN:
SF:tests/mongodb_helper.js
FN:4,(anonymous_0)
FN:8,(anonymous_1)
FNF:2
FNH:2
FNDA:10,(anonymous_0)
FNDA:10,(anonymous_1)
DA:1,10
DA:2,10
DA:4,10
DA:5,10
DA:8,10
DA:9,10
LF:6
LH:6
BRF:0
BRH:0
end_of_record
